<?xml version="1.0" encoding="UTF-8"?>
<!-- Generated by org.testng.reporters.JUnitReportReporter -->
<testsuite hostname="LAPTOP-D0CIFDTL" failures="0" tests="1" name="video01.Video01_OpenBrowser" time="5.931" errors="0" timestamp="2023-01-01T19:26:13 IST" skipped="0">
  <testcase classname="video01.Video01_OpenBrowser" name="f" time="5.931"/>
  <system-out/>
</testsuite> <!-- video01.Video01_OpenBrowser -->
